<?xml version="1.0" encoding="UTF-8" standalone="no"?><!DOCTYPE report PUBLIC "-//JACOCO//DTD Report 1.1//EN" "report.dtd"><report name="Pester (10/15/2020 16:10:23)"><sessioninfo id="this" start="1602778218076" dump="1602778223334" /><package name="pwsh-handy-helpers"><class name="pwsh-handy-helpers/pwsh-handy-helpers" sourcefilename="pwsh-handy-helpers.psm1"><method name="ConvertTo-PowershellSyntax" desc="()" line="10"><counter type="INSTRUCTION" missed="0" covered="5" /><counter type="LINE" missed="0" covered="3" /><counter type="METHOD" missed="0" covered="1" /></method><method name="Enable-Remoting" desc="()" line="31"><counter type="INSTRUCTION" missed="11" covered="0" /><counter type="LINE" missed="10" covered="0" /><counter type="METHOD" missed="1" covered="0" /></method><method name="Find-Duplicate" desc="()" line="59"><counter type="INSTRUCTION" missed="0" covered="10" /><counter type="LINE" missed="0" covered="8" /><counter type="METHOD" missed="0" covered="1" /></method><method name="Find-FirstIndex" desc="()" line="97"><counter type="INSTRUCTION" missed="0" covered="8" /><counter type="LINE" missed="0" covered="5" /><counter type="METHOD" missed="0" covered="1" /></method><method name="Get-File" desc="()" line="124"><counter type="INSTRUCTION" missed="2" covered="0" /><counter type="LINE" missed="2" covered="0" /><counter type="METHOD" missed="1" covered="0" /></method><method name="Home" desc="()" line="132"><counter type="INSTRUCTION" missed="1" covered="0" /><counter type="LINE" missed="1" covered="0" /><counter type="METHOD" missed="1" covered="0" /></method><method name="Install-SshServer" desc="()" line="144"><counter type="INSTRUCTION" missed="8" covered="0" /><counter type="LINE" missed="8" covered="0" /><counter type="METHOD" missed="1" covered="0" /></method><method name="Invoke-DockerInspectAddress" desc="()" line="169"><counter type="INSTRUCTION" missed="1" covered="0" /><counter type="LINE" missed="1" covered="0" /><counter type="METHOD" missed="1" covered="0" /></method><method name="Invoke-DockerRemoveAll" desc="()" line="182"><counter type="INSTRUCTION" missed="4" covered="0" /><counter type="LINE" missed="1" covered="0" /><counter type="METHOD" missed="1" covered="0" /></method><method name="Invoke-DockerRemoveAllImage" desc="()" line="195"><counter type="INSTRUCTION" missed="2" covered="0" /><counter type="LINE" missed="1" covered="0" /><counter type="METHOD" missed="1" covered="0" /></method><method name="Invoke-FireEvent" desc="()" line="206"><counter type="INSTRUCTION" missed="2" covered="0" /><counter type="LINE" missed="1" covered="0" /><counter type="METHOD" missed="1" covered="0" /></method><method name="Invoke-GitCommand" desc="()" line="208"><counter type="INSTRUCTION" missed="1" covered="0" /><counter type="LINE" missed="1" covered="0" /><counter type="METHOD" missed="1" covered="0" /></method><method name="Invoke-GitCommit" desc="()" line="209"><counter type="INSTRUCTION" missed="1" covered="0" /><counter type="LINE" missed="1" covered="0" /><counter type="METHOD" missed="1" covered="0" /></method><method name="Invoke-GitDiff" desc="()" line="210"><counter type="INSTRUCTION" missed="1" covered="0" /><counter type="LINE" missed="1" covered="0" /><counter type="METHOD" missed="1" covered="0" /></method><method name="Invoke-GitPushMaster" desc="()" line="211"><counter type="INSTRUCTION" missed="1" covered="0" /><counter type="LINE" missed="1" covered="0" /><counter type="METHOD" missed="1" covered="0" /></method><method name="Invoke-GitStatus" desc="()" line="212"><counter type="INSTRUCTION" missed="1" covered="0" /><counter type="LINE" missed="1" covered="0" /><counter type="METHOD" missed="1" covered="0" /></method><method name="Invoke-GitRebase" desc="()" line="213"><counter type="INSTRUCTION" missed="1" covered="0" /><counter type="LINE" missed="1" covered="0" /><counter type="METHOD" missed="1" covered="0" /></method><method name="Invoke-GitLog" desc="()" line="214"><counter type="INSTRUCTION" missed="1" covered="0" /><counter type="LINE" missed="1" covered="0" /><counter type="METHOD" missed="1" covered="0" /></method><method name="Invoke-Input" desc="()" line="262"><counter type="INSTRUCTION" missed="148" covered="0" /><counter type="LINE" missed="115" covered="0" /><counter type="METHOD" missed="1" covered="0" /></method><method name="Format-Output" desc="()" line="274"><counter type="INSTRUCTION" missed="3" covered="0" /><counter type="LINE" missed="3" covered="0" /><counter type="METHOD" missed="1" covered="0" /></method><method name="Invoke-OutputDraw" desc="()" line="287"><counter type="INSTRUCTION" missed="8" covered="0" /><counter type="LINE" missed="8" covered="0" /><counter type="METHOD" missed="1" covered="0" /></method><method name="Update-Autocomplete" desc="()" line="306"><counter type="INSTRUCTION" missed="19" covered="0" /><counter type="LINE" missed="15" covered="0" /><counter type="METHOD" missed="1" covered="0" /></method><method name="Invoke-InsertString" desc="()" line="517"><counter type="INSTRUCTION" missed="0" covered="3" /><counter type="LINE" missed="0" covered="3" /><counter type="METHOD" missed="0" covered="1" /></method><method name="Invoke-ListenForWord" desc="()" line="547"><counter type="INSTRUCTION" missed="16" covered="0" /><counter type="LINE" missed="15" covered="0" /><counter type="METHOD" missed="1" covered="0" /></method><method name="Invoke-ListenTo" desc="()" line="652"><counter type="INSTRUCTION" missed="64" covered="0" /><counter type="LINE" missed="45" covered="0" /><counter type="METHOD" missed="1" covered="0" /></method><method name="Invoke-MenuDraw" desc="()" line="766"><counter type="INSTRUCTION" missed="19" covered="0" /><counter type="LINE" missed="16" covered="0" /><counter type="METHOD" missed="1" covered="0" /></method><method name="Update-MenuSelection" desc="()" line="804"><counter type="INSTRUCTION" missed="9" covered="0" /><counter type="LINE" missed="7" covered="0" /><counter type="METHOD" missed="1" covered="0" /></method><method name="Invoke-Menu" desc="()" line="816"><counter type="INSTRUCTION" missed="46" covered="0" /><counter type="LINE" missed="37" covered="0" /><counter type="METHOD" missed="1" covered="0" /></method><method name="Invoke-Once" desc="()" line="907"><counter type="INSTRUCTION" missed="0" covered="4" /><counter type="LINE" missed="0" covered="4" /><counter type="METHOD" missed="0" covered="1" /></method><method name="Invoke-Reduce" desc="()" line="941"><counter type="INSTRUCTION" missed="0" covered="11" /><counter type="LINE" missed="0" covered="9" /><counter type="METHOD" missed="0" covered="1" /></method><method name="Invoke-RemoteCommand" desc="()" line="998"><counter type="INSTRUCTION" missed="13" covered="0" /><counter type="LINE" missed="11" covered="0" /><counter type="METHOD" missed="1" covered="0" /></method><method name="Invoke-Speak" desc="()" line="1037"><counter type="INSTRUCTION" missed="7" covered="15" /><counter type="LINE" missed="7" covered="12" /><counter type="METHOD" missed="0" covered="1" /></method><method name="Invoke-StopListen" desc="()" line="1114"><counter type="INSTRUCTION" missed="10" covered="0" /><counter type="LINE" missed="6" covered="0" /><counter type="METHOD" missed="1" covered="0" /></method><method name="Join-StringArray" desc="()" line="1153"><counter type="INSTRUCTION" missed="0" covered="11" /><counter type="LINE" missed="0" covered="9" /><counter type="METHOD" missed="0" covered="1" /></method><method name="Join-StringsWithGrammar" desc="()" line="1172"><counter type="INSTRUCTION" missed="0" covered="2" /><counter type="LINE" missed="0" covered="2" /><counter type="METHOD" missed="0" covered="1" /></method><method name="New-DailyShutdownJob" desc="()" line="1191"><counter type="INSTRUCTION" missed="5" covered="0" /><counter type="LINE" missed="4" covered="0" /><counter type="METHOD" missed="1" covered="0" /></method><method name="New-File" desc="()" line="1214"><counter type="INSTRUCTION" missed="2" covered="2" /><counter type="LINE" missed="1" covered="2" /><counter type="METHOD" missed="0" covered="1" /></method><method name="New-ProxyCommand" desc="()" line="1238"><counter type="INSTRUCTION" missed="4" covered="0" /><counter type="LINE" missed="3" covered="0" /><counter type="METHOD" missed="1" covered="0" /></method><method name="New-SshKey" desc="()" line="1251"><counter type="INSTRUCTION" missed="12" covered="0" /><counter type="LINE" missed="11" covered="0" /><counter type="METHOD" missed="1" covered="0" /></method><method name="New-Template" desc="()" line="1323"><counter type="INSTRUCTION" missed="0" covered="23" /><counter type="LINE" missed="0" covered="18" /><counter type="METHOD" missed="0" covered="1" /></method><method name="Open-Session" desc="()" line="1385"><counter type="INSTRUCTION" missed="22" covered="0" /><counter type="LINE" missed="20" covered="0" /><counter type="METHOD" missed="1" covered="0" /></method><method name="Out-Default" desc="()" line="1429"><counter type="INSTRUCTION" missed="22" covered="0" /><counter type="LINE" missed="21" covered="0" /><counter type="METHOD" missed="1" covered="0" /></method><method name="Remove-Character" desc="()" line="1484"><counter type="INSTRUCTION" missed="0" covered="7" /><counter type="LINE" missed="0" covered="7" /><counter type="METHOD" missed="0" covered="1" /></method><method name="Remove-DailyShutdownJob" desc="()" line="1505"><counter type="INSTRUCTION" missed="3" covered="0" /><counter type="LINE" missed="3" covered="0" /><counter type="METHOD" missed="1" covered="0" /></method><method name="Remove-DirectoryForce" desc="()" line="1525"><counter type="INSTRUCTION" missed="1" covered="7" /><counter type="LINE" missed="1" covered="6" /><counter type="METHOD" missed="0" covered="1" /></method><method name="Show-BarChart" desc="()" line="1569"><counter type="INSTRUCTION" missed="44" covered="0" /><counter type="LINE" missed="20" covered="0" /><counter type="METHOD" missed="1" covered="0" /></method><method name="Take" desc="()" line="1610"><counter type="INSTRUCTION" missed="13" covered="0" /><counter type="LINE" missed="11" covered="0" /><counter type="METHOD" missed="1" covered="0" /></method><method name="Test-Admin" desc="()" line="1636"><counter type="INSTRUCTION" missed="6" covered="0" /><counter type="LINE" missed="3" covered="0" /><counter type="METHOD" missed="1" covered="0" /></method><method name="Test-Empty" desc="()" line="1659"><counter type="INSTRUCTION" missed="0" covered="4" /><counter type="LINE" missed="0" covered="1" /><counter type="METHOD" missed="0" covered="1" /></method><method name="Test-Equal" desc="()" line="1685"><counter type="INSTRUCTION" missed="2" covered="59" /><counter type="LINE" missed="2" covered="38" /><counter type="METHOD" missed="0" covered="1" /></method><method name="Test-Installed" desc="()" line="1746"><counter type="INSTRUCTION" missed="0" covered="3" /><counter type="LINE" missed="0" covered="3" /><counter type="METHOD" missed="0" covered="1" /></method><method name="Use-Grammar" desc="()" line="1760"><counter type="INSTRUCTION" missed="11" covered="0" /><counter type="LINE" missed="10" covered="0" /><counter type="METHOD" missed="1" covered="0" /></method><method name="Use-Speech" desc="()" line="1776"><counter type="INSTRUCTION" missed="2" covered="4" /><counter type="LINE" missed="2" covered="3" /><counter type="METHOD" missed="0" covered="1" /></method><method name="Write-Color" desc="()" line="1825"><counter type="INSTRUCTION" missed="31" covered="0" /><counter type="LINE" missed="17" covered="0" /><counter type="METHOD" missed="1" covered="0" /></method><method name="Write-Label" desc="()" line="1871"><counter type="INSTRUCTION" missed="4" covered="0" /><counter type="LINE" missed="2" covered="0" /><counter type="METHOD" missed="1" covered="0" /></method><method name="Write-Repeat" desc="()" line="1884"><counter type="INSTRUCTION" missed="0" covered="2" /><counter type="LINE" missed="0" covered="1" /><counter type="METHOD" missed="0" covered="1" /></method><method name="Write-Title" desc="()" line="1945"><counter type="INSTRUCTION" missed="56" covered="0" /><counter type="LINE" missed="43" covered="0" /><counter type="METHOD" missed="1" covered="0" /></method><method name="&lt;script&gt;" desc="()" line="2000"><counter type="INSTRUCTION" missed="0" covered="10" /><counter type="LINE" missed="0" covered="10" /><counter type="METHOD" missed="0" covered="1" /></method><counter type="INSTRUCTION" missed="640" covered="190" /><counter type="LINE" missed="491" covered="144" /><counter type="METHOD" missed="39" covered="19" /><counter type="CLASS" missed="0" covered="1" /></class><sourcefile name="pwsh-handy-helpers.psm1"><line nr="10" mi="0" ci="1" mb="0" cb="0" /><line nr="11" mi="0" ci="2" mb="0" cb="0" /><line nr="12" mi="0" ci="2" mb="0" cb="0" /><line nr="31" mi="1" ci="0" mb="0" cb="0" /><line nr="32" mi="1" ci="0" mb="0" cb="0" /><line nr="33" mi="2" ci="0" mb="0" cb="0" /><line nr="34" mi="1" ci="0" mb="0" cb="0" /><line nr="35" mi="1" ci="0" mb="0" cb="0" /><line nr="36" mi="1" ci="0" mb="0" cb="0" /><line nr="37" mi="1" ci="0" mb="0" cb="0" /><line nr="38" mi="1" ci="0" mb="0" cb="0" /><line nr="39" mi="1" ci="0" mb="0" cb="0" /><line nr="41" mi="1" ci="0" mb="0" cb="0" /><line nr="59" mi="0" ci="1" mb="0" cb="0" /><line nr="60" mi="0" ci="1" mb="0" cb="0" /><line nr="61" mi="0" ci="1" mb="0" cb="0" /><line nr="62" mi="0" ci="1" mb="0" cb="0" /><line nr="63" mi="0" ci="1" mb="0" cb="0" /><line nr="64" mi="0" ci="3" mb="0" cb="0" /><line nr="65" mi="0" ci="1" mb="0" cb="0" /><line nr="66" mi="0" ci="1" mb="0" cb="0" /><line nr="97" mi="0" ci="1" mb="0" cb="0" /><line nr="99" mi="0" ci="3" mb="0" cb="0" /><line nr="100" mi="0" ci="1" mb="0" cb="0" /><line nr="101" mi="0" ci="1" mb="0" cb="0" /><line nr="104" mi="0" ci="2" mb="0" cb="0" /><line nr="124" mi="1" ci="0" mb="0" cb="0" /><line nr="125" mi="1" ci="0" mb="0" cb="0" /><line nr="132" mi="1" ci="0" mb="0" cb="0" /><line nr="144" mi="1" ci="0" mb="0" cb="0" /><line nr="145" mi="1" ci="0" mb="0" cb="0" /><line nr="146" mi="1" ci="0" mb="0" cb="0" /><line nr="147" mi="1" ci="0" mb="0" cb="0" /><line nr="148" mi="1" ci="0" mb="0" cb="0" /><line nr="149" mi="1" ci="0" mb="0" cb="0" /><line nr="150" mi="1" ci="0" mb="0" cb="0" /><line nr="151" mi="1" ci="0" mb="0" cb="0" /><line nr="169" mi="1" ci="0" mb="0" cb="0" /><line nr="182" mi="4" ci="0" mb="0" cb="0" /><line nr="195" mi="2" ci="0" mb="0" cb="0" /><line nr="206" mi="2" ci="0" mb="0" cb="0" /><line nr="208" mi="1" ci="0" mb="0" cb="0" /><line nr="209" mi="1" ci="0" mb="0" cb="0" /><line nr="210" mi="1" ci="0" mb="0" cb="0" /><line nr="211" mi="1" ci="0" mb="0" cb="0" /><line nr="212" mi="1" ci="0" mb="0" cb="0" /><line nr="213" mi="1" ci="0" mb="0" cb="0" /><line nr="214" mi="1" ci="0" mb="0" cb="0" /><line nr="262" mi="1" ci="0" mb="0" cb="0" /><line nr="263" mi="1" ci="0" mb="0" cb="0" /><line nr="264" mi="1" ci="0" mb="0" cb="0" /><line nr="265" mi="1" ci="0" mb="0" cb="0" /><line nr="266" mi="1" ci="0" mb="0" cb="0" /><line nr="267" mi="1" ci="0" mb="0" cb="0" /><line nr="274" mi="1" ci="0" mb="0" cb="0" /><line nr="275" mi="1" ci="0" mb="0" cb="0" /><line nr="277" mi="1" ci="0" mb="0" cb="0" /><line nr="287" mi="1" ci="0" mb="0" cb="0" /><line nr="288" mi="1" ci="0" mb="0" cb="0" /><line nr="289" mi="1" ci="0" mb="0" cb="0" /><line nr="290" mi="1" ci="0" mb="0" cb="0" /><line nr="292" mi="1" ci="0" mb="0" cb="0" /><line nr="293" mi="1" ci="0" mb="0" cb="0" /><line nr="294" mi="1" ci="0" mb="0" cb="0" /><line nr="297" mi="1" ci="0" mb="0" cb="0" /><line nr="306" mi="1" ci="0" mb="0" cb="0" /><line nr="307" mi="3" ci="0" mb="0" cb="0" /><line nr="308" mi="1" ci="0" mb="0" cb="0" /><line nr="309" mi="1" ci="0" mb="0" cb="0" /><line nr="310" mi="1" ci="0" mb="0" cb="0" /><line nr="311" mi="2" ci="0" mb="0" cb="0" /><line nr="312" mi="1" ci="0" mb="0" cb="0" /><line nr="314" mi="1" ci="0" mb="0" cb="0" /><line nr="315" mi="1" ci="0" mb="0" cb="0" /><line nr="317" mi="1" ci="0" mb="0" cb="0" /><line nr="319" mi="1" ci="0" mb="0" cb="0" /><line nr="320" mi="1" ci="0" mb="0" cb="0" /><line nr="321" mi="1" ci="0" mb="0" cb="0" /><line nr="322" mi="2" ci="0" mb="0" cb="0" /><line nr="323" mi="1" ci="0" mb="0" cb="0" /><line nr="327" mi="1" ci="0" mb="0" cb="0" /><line nr="328" mi="1" ci="0" mb="0" cb="0" /><line nr="329" mi="1" ci="0" mb="0" cb="0" /><line nr="331" mi="1" ci="0" mb="0" cb="0" /><line nr="332" mi="1" ci="0" mb="0" cb="0" /><line nr="333" mi="1" ci="0" mb="0" cb="0" /><line nr="334" mi="1" ci="0" mb="0" cb="0" /><line nr="335" mi="3" ci="0" mb="0" cb="0" /><line nr="336" mi="1" ci="0" mb="0" cb="0" /><line nr="337" mi="1" ci="0" mb="0" cb="0" /><line nr="338" mi="1" ci="0" mb="0" cb="0" /><line nr="339" mi="1" ci="0" mb="0" cb="0" /><line nr="340" mi="1" ci="0" mb="0" cb="0" /><line nr="342" mi="1" ci="0" mb="0" cb="0" /><line nr="345" mi="1" ci="0" mb="0" cb="0" /><line nr="346" mi="1" ci="0" mb="0" cb="0" /><line nr="347" mi="1" ci="0" mb="0" cb="0" /><line nr="349" mi="1" ci="0" mb="0" cb="0" /><line nr="350" mi="2" ci="0" mb="0" cb="0" /><line nr="353" mi="1" ci="0" mb="0" cb="0" /><line nr="358" mi="1" ci="0" mb="0" cb="0" /><line nr="359" mi="1" ci="0" mb="0" cb="0" /><line nr="360" mi="1" ci="0" mb="0" cb="0" /><line nr="361" mi="3" ci="0" mb="0" cb="0" /><line nr="362" mi="1" ci="0" mb="0" cb="0" /><line nr="363" mi="1" ci="0" mb="0" cb="0" /><line nr="364" mi="1" ci="0" mb="0" cb="0" /><line nr="366" mi="1" ci="0" mb="0" cb="0" /><line nr="367" mi="1" ci="0" mb="0" cb="0" /><line nr="368" mi="1" ci="0" mb="0" cb="0" /><line nr="370" mi="1" ci="0" mb="0" cb="0" /><line nr="371" mi="2" ci="0" mb="0" cb="0" /><line nr="374" mi="1" ci="0" mb="0" cb="0" /><line nr="375" mi="1" ci="0" mb="0" cb="0" /><line nr="377" mi="1" ci="0" mb="0" cb="0" /><line nr="381" mi="1" ci="0" mb="0" cb="0" /><line nr="382" mi="2" ci="0" mb="0" cb="0" /><line nr="383" mi="3" ci="0" mb="0" cb="0" /><line nr="384" mi="1" ci="0" mb="0" cb="0" /><line nr="385" mi="1" ci="0" mb="0" cb="0" /><line nr="386" mi="1" ci="0" mb="0" cb="0" /><line nr="387" mi="1" ci="0" mb="0" cb="0" /><line nr="388" mi="1" ci="0" mb="0" cb="0" /><line nr="396" mi="1" ci="0" mb="0" cb="0" /><line nr="397" mi="1" ci="0" mb="0" cb="0" /><line nr="398" mi="1" ci="0" mb="0" cb="0" /><line nr="399" mi="1" ci="0" mb="0" cb="0" /><line nr="404" mi="1" ci="0" mb="0" cb="0" /><line nr="405" mi="1" ci="0" mb="0" cb="0" /><line nr="406" mi="2" ci="0" mb="0" cb="0" /><line nr="407" mi="1" ci="0" mb="0" cb="0" /><line nr="412" mi="2" ci="0" mb="0" cb="0" /><line nr="413" mi="3" ci="0" mb="0" cb="0" /><line nr="414" mi="1" ci="0" mb="0" cb="0" /><line nr="415" mi="1" ci="0" mb="0" cb="0" /><line nr="416" mi="1" ci="0" mb="0" cb="0" /><line nr="418" mi="1" ci="0" mb="0" cb="0" /><line nr="419" mi="1" ci="0" mb="0" cb="0" /><line nr="420" mi="1" ci="0" mb="0" cb="0" /><line nr="422" mi="1" ci="0" mb="0" cb="0" /><line nr="423" mi="1" ci="0" mb="0" cb="0" /><line nr="424" mi="1" ci="0" mb="0" cb="0" /><line nr="426" mi="2" ci="0" mb="0" cb="0" /><line nr="428" mi="2" ci="0" mb="0" cb="0" /><line nr="429" mi="1" ci="0" mb="0" cb="0" /><line nr="433" mi="1" ci="0" mb="0" cb="0" /><line nr="434" mi="2" ci="0" mb="0" cb="0" /><line nr="435" mi="3" ci="0" mb="0" cb="0" /><line nr="436" mi="1" ci="0" mb="0" cb="0" /><line nr="437" mi="1" ci="0" mb="0" cb="0" /><line nr="438" mi="1" ci="0" mb="0" cb="0" /><line nr="439" mi="1" ci="0" mb="0" cb="0" /><line nr="440" mi="1" ci="0" mb="0" cb="0" /><line nr="445" mi="1" ci="0" mb="0" cb="0" /><line nr="446" mi="1" ci="0" mb="0" cb="0" /><line nr="447" mi="1" ci="0" mb="0" cb="0" /><line nr="448" mi="1" ci="0" mb="0" cb="0" /><line nr="449" mi="1" ci="0" mb="0" cb="0" /><line nr="450" mi="1" ci="0" mb="0" cb="0" /><line nr="451" mi="2" ci="0" mb="0" cb="0" /><line nr="454" mi="1" ci="0" mb="0" cb="0" /><line nr="455" mi="2" ci="0" mb="0" cb="0" /><line nr="457" mi="2" ci="0" mb="0" cb="0" /><line nr="458" mi="1" ci="0" mb="0" cb="0" /><line nr="459" mi="1" ci="0" mb="0" cb="0" /><line nr="460" mi="3" ci="0" mb="0" cb="0" /><line nr="461" mi="1" ci="0" mb="0" cb="0" /><line nr="464" mi="3" ci="0" mb="0" cb="0" /><line nr="465" mi="1" ci="0" mb="0" cb="0" /><line nr="468" mi="1" ci="0" mb="0" cb="0" /><line nr="469" mi="1" ci="0" mb="0" cb="0" /><line nr="470" mi="1" ci="0" mb="0" cb="0" /><line nr="471" mi="3" ci="0" mb="0" cb="0" /><line nr="472" mi="2" ci="0" mb="0" cb="0" /><line nr="473" mi="1" ci="0" mb="0" cb="0" /><line nr="474" mi="2" ci="0" mb="0" cb="0" /><line nr="478" mi="1" ci="0" mb="0" cb="0" /><line nr="479" mi="3" ci="0" mb="0" cb="0" /><line nr="480" mi="2" ci="0" mb="0" cb="0" /><line nr="481" mi="1" ci="0" mb="0" cb="0" /><line nr="482" mi="2" ci="0" mb="0" cb="0" /><line nr="489" mi="1" ci="0" mb="0" cb="0" /><line nr="490" mi="1" ci="0" mb="0" cb="0" /><line nr="491" mi="1" ci="0" mb="0" cb="0" /><line nr="492" mi="1" ci="0" mb="0" cb="0" /><line nr="494" mi="1" ci="0" mb="0" cb="0" /><line nr="495" mi="1" ci="0" mb="0" cb="0" /><line nr="497" mi="1" ci="0" mb="0" cb="0" /><line nr="501" mi="1" ci="0" mb="0" cb="0" /><line nr="517" mi="0" ci="1" mb="0" cb="0" /><line nr="518" mi="0" ci="1" mb="0" cb="0" /><line nr="520" mi="0" ci="1" mb="0" cb="0" /><line nr="547" mi="1" ci="0" mb="0" cb="0" /><line nr="548" mi="1" ci="0" mb="0" cb="0" /><line nr="549" mi="1" ci="0" mb="0" cb="0" /><line nr="550" mi="1" ci="0" mb="0" cb="0" /><line nr="551" mi="1" ci="0" mb="0" cb="0" /><line nr="552" mi="1" ci="0" mb="0" cb="0" /><line nr="553" mi="1" ci="0" mb="0" cb="0" /><line nr="554" mi="1" ci="0" mb="0" cb="0" /><line nr="555" mi="1" ci="0" mb="0" cb="0" /><line nr="556" mi="1" ci="0" mb="0" cb="0" /><line nr="558" mi="1" ci="0" mb="0" cb="0" /><line nr="559" mi="2" ci="0" mb="0" cb="0" /><line nr="560" mi="1" ci="0" mb="0" cb="0" /><line nr="561" mi="1" ci="0" mb="0" cb="0" /><line nr="563" mi="1" ci="0" mb="0" cb="0" /><line nr="652" mi="1" ci="0" mb="0" cb="0" /><line nr="653" mi="1" ci="0" mb="0" cb="0" /><line nr="654" mi="1" ci="0" mb="0" cb="0" /><line nr="655" mi="2" ci="0" mb="0" cb="0" /><line nr="657" mi="1" ci="0" mb="0" cb="0" /><line nr="658" mi="1" ci="0" mb="0" cb="0" /><line nr="659" mi="1" ci="0" mb="0" cb="0" /><line nr="660" mi="1" ci="0" mb="0" cb="0" /><line nr="661" mi="1" ci="0" mb="0" cb="0" /><line nr="662" mi="1" ci="0" mb="0" cb="0" /><line nr="663" mi="1" ci="0" mb="0" cb="0" /><line nr="664" mi="2" ci="0" mb="0" cb="0" /><line nr="665" mi="1" ci="0" mb="0" cb="0" /><line nr="667" mi="1" ci="0" mb="0" cb="0" /><line nr="668" mi="4" ci="0" mb="0" cb="0" /><line nr="669" mi="1" ci="0" mb="0" cb="0" /><line nr="670" mi="1" ci="0" mb="0" cb="0" /><line nr="671" mi="1" ci="0" mb="0" cb="0" /><line nr="672" mi="1" ci="0" mb="0" cb="0" /><line nr="673" mi="1" ci="0" mb="0" cb="0" /><line nr="674" mi="1" ci="0" mb="0" cb="0" /><line nr="675" mi="3" ci="0" mb="0" cb="0" /><line nr="676" mi="2" ci="0" mb="0" cb="0" /><line nr="677" mi="2" ci="0" mb="0" cb="0" /><line nr="679" mi="1" ci="0" mb="0" cb="0" /><line nr="681" mi="1" ci="0" mb="0" cb="0" /><line nr="682" mi="1" ci="0" mb="0" cb="0" /><line nr="683" mi="1" ci="0" mb="0" cb="0" /><line nr="684" mi="1" ci="0" mb="0" cb="0" /><line nr="685" mi="2" ci="0" mb="0" cb="0" /><line nr="686" mi="4" ci="0" mb="0" cb="0" /><line nr="687" mi="1" ci="0" mb="0" cb="0" /><line nr="690" mi="3" ci="0" mb="0" cb="0" /><line nr="691" mi="3" ci="0" mb="0" cb="0" /><line nr="693" mi="1" ci="0" mb="0" cb="0" /><line nr="694" mi="2" ci="0" mb="0" cb="0" /><line nr="695" mi="1" ci="0" mb="0" cb="0" /><line nr="696" mi="2" ci="0" mb="0" cb="0" /><line nr="698" mi="1" ci="0" mb="0" cb="0" /><line nr="700" mi="1" ci="0" mb="0" cb="0" /><line nr="701" mi="1" ci="0" mb="0" cb="0" /><line nr="702" mi="1" ci="0" mb="0" cb="0" /><line nr="704" mi="1" ci="0" mb="0" cb="0" /><line nr="705" mi="1" ci="0" mb="0" cb="0" /><line nr="707" mi="1" ci="0" mb="0" cb="0" /><line nr="766" mi="1" ci="0" mb="0" cb="0" /><line nr="767" mi="2" ci="0" mb="0" cb="0" /><line nr="768" mi="1" ci="0" mb="0" cb="0" /><line nr="769" mi="1" ci="0" mb="0" cb="0" /><line nr="770" mi="1" ci="0" mb="0" cb="0" /><line nr="771" mi="1" ci="0" mb="0" cb="0" /><line nr="772" mi="1" ci="0" mb="0" cb="0" /><line nr="774" mi="1" ci="0" mb="0" cb="0" /><line nr="777" mi="1" ci="0" mb="0" cb="0" /><line nr="778" mi="1" ci="0" mb="0" cb="0" /><line nr="779" mi="1" ci="0" mb="0" cb="0" /><line nr="781" mi="1" ci="0" mb="0" cb="0" /><line nr="785" mi="1" ci="0" mb="0" cb="0" /><line nr="786" mi="2" ci="0" mb="0" cb="0" /><line nr="788" mi="2" ci="0" mb="0" cb="0" /><line nr="791" mi="1" ci="0" mb="0" cb="0" /><line nr="804" mi="1" ci="0" mb="0" cb="0" /><line nr="805" mi="3" ci="0" mb="0" cb="0" /><line nr="807" mi="1" ci="0" mb="0" cb="0" /><line nr="808" mi="1" ci="0" mb="0" cb="0" /><line nr="810" mi="1" ci="0" mb="0" cb="0" /><line nr="812" mi="1" ci="0" mb="0" cb="0" /><line nr="814" mi="1" ci="0" mb="0" cb="0" /><line nr="816" mi="1" ci="0" mb="0" cb="0" /><line nr="817" mi="1" ci="0" mb="0" cb="0" /><line nr="818" mi="1" ci="0" mb="0" cb="0" /><line nr="819" mi="1" ci="0" mb="0" cb="0" /><line nr="820" mi="1" ci="0" mb="0" cb="0" /><line nr="821" mi="1" ci="0" mb="0" cb="0" /><line nr="822" mi="1" ci="0" mb="0" cb="0" /><line nr="823" mi="1" ci="0" mb="0" cb="0" /><line nr="825" mi="1" ci="0" mb="0" cb="0" /><line nr="826" mi="1" ci="0" mb="0" cb="0" /><line nr="827" mi="1" ci="0" mb="0" cb="0" /><line nr="828" mi="1" ci="0" mb="0" cb="0" /><line nr="829" mi="4" ci="0" mb="0" cb="0" /><line nr="830" mi="3" ci="0" mb="0" cb="0" /><line nr="832" mi="1" ci="0" mb="0" cb="0" /><line nr="833" mi="1" ci="0" mb="0" cb="0" /><line nr="834" mi="1" ci="0" mb="0" cb="0" /><line nr="835" mi="1" ci="0" mb="0" cb="0" /><line nr="836" mi="1" ci="0" mb="0" cb="0" /><line nr="838" mi="1" ci="0" mb="0" cb="0" /><line nr="841" mi="1" ci="0" mb="0" cb="0" /><line nr="844" mi="2" ci="0" mb="0" cb="0" /><line nr="847" mi="3" ci="0" mb="0" cb="0" /><line nr="850" mi="2" ci="0" mb="0" cb="0" /><line nr="853" mi="1" ci="0" mb="0" cb="0" /><line nr="854" mi="1" ci="0" mb="0" cb="0" /><line nr="855" mi="1" ci="0" mb="0" cb="0" /><line nr="856" mi="1" ci="0" mb="0" cb="0" /><line nr="860" mi="1" ci="0" mb="0" cb="0" /><line nr="862" mi="1" ci="0" mb="0" cb="0" /><line nr="863" mi="1" ci="0" mb="0" cb="0" /><line nr="864" mi="1" ci="0" mb="0" cb="0" /><line nr="865" mi="1" ci="0" mb="0" cb="0" /><line nr="867" mi="1" ci="0" mb="0" cb="0" /><line nr="870" mi="1" ci="0" mb="0" cb="0" /><line nr="871" mi="1" ci="0" mb="0" cb="0" /><line nr="873" mi="1" ci="0" mb="0" cb="0" /><line nr="907" mi="0" ci="1" mb="0" cb="0" /><line nr="908" mi="0" ci="1" mb="0" cb="0" /><line nr="909" mi="0" ci="1" mb="0" cb="0" /><line nr="910" mi="0" ci="1" mb="0" cb="0" /><line nr="941" mi="0" ci="1" mb="0" cb="0" /><line nr="946" mi="0" ci="1" mb="0" cb="0" /><line nr="947" mi="0" ci="1" mb="0" cb="0" /><line nr="948" mi="0" ci="2" mb="0" cb="0" /><line nr="952" mi="0" ci="2" mb="0" cb="0" /><line nr="953" mi="0" ci="1" mb="0" cb="0" /><line nr="954" mi="0" ci="1" mb="0" cb="0" /><line nr="956" mi="0" ci="1" mb="0" cb="0" /><line nr="961" mi="0" ci="1" mb="0" cb="0" /><line nr="998" mi="1" ci="0" mb="0" cb="0" /><line nr="999" mi="1" ci="0" mb="0" cb="0" /><line nr="1000" mi="1" ci="0" mb="0" cb="0" /><line nr="1001" mi="1" ci="0" mb="0" cb="0" /><line nr="1002" mi="1" ci="0" mb="0" cb="0" /><line nr="1003" mi="1" ci="0" mb="0" cb="0" /><line nr="1004" mi="1" ci="0" mb="0" cb="0" /><line nr="1005" mi="1" ci="0" mb="0" cb="0" /><line nr="1007" mi="2" ci="0" mb="0" cb="0" /><line nr="1009" mi="2" ci="0" mb="0" cb="0" /><line nr="1010" mi="1" ci="0" mb="0" cb="0" /><line nr="1037" mi="0" ci="1" mb="0" cb="0" /><line nr="1038" mi="0" ci="1" mb="0" cb="0" /><line nr="1041" mi="0" ci="1" mb="0" cb="0" /><line nr="1042" mi="0" ci="1" mb="0" cb="0" /><line nr="1043" mi="0" ci="1" mb="0" cb="0" /><line nr="1044" mi="1" ci="0" mb="0" cb="0" /><line nr="1047" mi="1" ci="0" mb="0" cb="0" /><line nr="1048" mi="1" ci="0" mb="0" cb="0" /><line nr="1051" mi="1" ci="0" mb="0" cb="0" /><line nr="1052" mi="1" ci="0" mb="0" cb="0" /><line nr="1053" mi="1" ci="0" mb="0" cb="0" /><line nr="1057" mi="0" ci="1" mb="0" cb="0" /><line nr="1060" mi="0" ci="1" mb="0" cb="0" /><line nr="1061" mi="0" ci="1" mb="0" cb="0" /><line nr="1064" mi="1" ci="0" mb="0" cb="0" /><line nr="1067" mi="0" ci="1" mb="0" cb="0" /><line nr="1075" mi="0" ci="4" mb="0" cb="0" /><line nr="1078" mi="0" ci="1" mb="0" cb="0" /><line nr="1081" mi="0" ci="1" mb="0" cb="0" /><line nr="1114" mi="1" ci="0" mb="0" cb="0" /><line nr="1115" mi="1" ci="0" mb="0" cb="0" /><line nr="1117" mi="1" ci="0" mb="0" cb="0" /><line nr="1118" mi="3" ci="0" mb="0" cb="0" /><line nr="1120" mi="1" ci="0" mb="0" cb="0" /><line nr="1122" mi="3" ci="0" mb="0" cb="0" /><line nr="1153" mi="0" ci="1" mb="0" cb="0" /><line nr="1154" mi="0" ci="1" mb="0" cb="0" /><line nr="1155" mi="0" ci="1" mb="0" cb="0" /><line nr="1157" mi="0" ci="1" mb="0" cb="0" /><line nr="1160" mi="0" ci="1" mb="0" cb="0" /><line nr="1163" mi="0" ci="1" mb="0" cb="0" /><line nr="1164" mi="0" ci="3" mb="0" cb="0" /><line nr="1165" mi="0" ci="1" mb="0" cb="0" /><line nr="1166" mi="0" ci="1" mb="0" cb="0" /><line nr="1172" mi="0" ci="1" mb="0" cb="0" /><line nr="1175" mi="0" ci="1" mb="0" cb="0" /><line nr="1191" mi="1" ci="0" mb="0" cb="0" /><line nr="1192" mi="1" ci="0" mb="0" cb="0" /><line nr="1193" mi="2" ci="0" mb="0" cb="0" /><line nr="1195" mi="1" ci="0" mb="0" cb="0" /><line nr="1214" mi="0" ci="1" mb="0" cb="0" /><line nr="1215" mi="2" ci="0" mb="0" cb="0" /><line nr="1217" mi="0" ci="1" mb="0" cb="0" /><line nr="1238" mi="2" ci="0" mb="0" cb="0" /><line nr="1239" mi="1" ci="0" mb="0" cb="0" /><line nr="1242" mi="1" ci="0" mb="0" cb="0" /><line nr="1251" mi="1" ci="0" mb="0" cb="0" /><line nr="1252" mi="1" ci="0" mb="0" cb="0" /><line nr="1253" mi="1" ci="0" mb="0" cb="0" /><line nr="1254" mi="1" ci="0" mb="0" cb="0" /><line nr="1255" mi="1" ci="0" mb="0" cb="0" /><line nr="1256" mi="1" ci="0" mb="0" cb="0" /><line nr="1257" mi="1" ci="0" mb="0" cb="0" /><line nr="1258" mi="1" ci="0" mb="0" cb="0" /><line nr="1259" mi="2" ci="0" mb="0" cb="0" /><line nr="1260" mi="1" ci="0" mb="0" cb="0" /><line nr="1262" mi="1" ci="0" mb="0" cb="0" /><line nr="1323" mi="0" ci="1" mb="0" cb="0" /><line nr="1324" mi="0" ci="1" mb="0" cb="0" /><line nr="1325" mi="0" ci="1" mb="0" cb="0" /><line nr="1331" mi="0" ci="1" mb="0" cb="0" /><line nr="1332" mi="0" ci="1" mb="0" cb="0" /><line nr="1334" mi="0" ci="3" mb="0" cb="0" /><line nr="1335" mi="0" ci="2" mb="0" cb="0" /><line nr="1337" mi="0" ci="1" mb="0" cb="0" /><line nr="1338" mi="0" ci="1" mb="0" cb="0" /><line nr="1340" mi="0" ci="1" mb="0" cb="0" /><line nr="1341" mi="0" ci="3" mb="0" cb="0" /><line nr="1342" mi="0" ci="1" mb="0" cb="0" /><line nr="1343" mi="0" ci="1" mb="0" cb="0" /><line nr="1344" mi="0" ci="1" mb="0" cb="0" /><line nr="1345" mi="0" ci="1" mb="0" cb="0" /><line nr="1347" mi="0" ci="1" mb="0" cb="0" /><line nr="1348" mi="0" ci="1" mb="0" cb="0" /><line nr="1350" mi="0" ci="1" mb="0" cb="0" /><line nr="1385" mi="1" ci="0" mb="0" cb="0" /><line nr="1386" mi="1" ci="0" mb="0" cb="0" /><line nr="1387" mi="1" ci="0" mb="0" cb="0" /><line nr="1388" mi="1" ci="0" mb="0" cb="0" /><line nr="1389" mi="1" ci="0" mb="0" cb="0" /><line nr="1390" mi="1" ci="0" mb="0" cb="0" /><line nr="1391" mi="1" ci="0" mb="0" cb="0" /><line nr="1392" mi="1" ci="0" mb="0" cb="0" /><line nr="1394" mi="2" ci="0" mb="0" cb="0" /><line nr="1396" mi="2" ci="0" mb="0" cb="0" /><line nr="1397" mi="1" ci="0" mb="0" cb="0" /><line nr="1398" mi="1" ci="0" mb="0" cb="0" /><line nr="1399" mi="1" ci="0" mb="0" cb="0" /><line nr="1400" mi="1" ci="0" mb="0" cb="0" /><line nr="1401" mi="1" ci="0" mb="0" cb="0" /><line nr="1403" mi="1" ci="0" mb="0" cb="0" /><line nr="1404" mi="1" ci="0" mb="0" cb="0" /><line nr="1405" mi="1" ci="0" mb="0" cb="0" /><line nr="1406" mi="1" ci="0" mb="0" cb="0" /><line nr="1410" mi="1" ci="0" mb="0" cb="0" /><line nr="1429" mi="1" ci="0" mb="0" cb="0" /><line nr="1430" mi="1" ci="0" mb="0" cb="0" /><line nr="1431" mi="1" ci="0" mb="0" cb="0" /><line nr="1433" mi="1" ci="0" mb="0" cb="0" /><line nr="1434" mi="2" ci="0" mb="0" cb="0" /><line nr="1435" mi="1" ci="0" mb="0" cb="0" /><line nr="1436" mi="1" ci="0" mb="0" cb="0" /><line nr="1443" mi="1" ci="0" mb="0" cb="0" /><line nr="1444" mi="1" ci="0" mb="0" cb="0" /><line nr="1445" mi="1" ci="0" mb="0" cb="0" /><line nr="1446" mi="1" ci="0" mb="0" cb="0" /><line nr="1447" mi="1" ci="0" mb="0" cb="0" /><line nr="1448" mi="1" ci="0" mb="0" cb="0" /><line nr="1449" mi="1" ci="0" mb="0" cb="0" /><line nr="1450" mi="1" ci="0" mb="0" cb="0" /><line nr="1451" mi="1" ci="0" mb="0" cb="0" /><line nr="1452" mi="1" ci="0" mb="0" cb="0" /><line nr="1456" mi="1" ci="0" mb="0" cb="0" /><line nr="1457" mi="1" ci="0" mb="0" cb="0" /><line nr="1458" mi="1" ci="0" mb="0" cb="0" /><line nr="1466" mi="1" ci="0" mb="0" cb="0" /><line nr="1484" mi="0" ci="1" mb="0" cb="0" /><line nr="1485" mi="0" ci="1" mb="0" cb="0" /><line nr="1486" mi="0" ci="1" mb="0" cb="0" /><line nr="1487" mi="0" ci="1" mb="0" cb="0" /><line nr="1489" mi="0" ci="1" mb="0" cb="0" /><line nr="1490" mi="0" ci="1" mb="0" cb="0" /><line nr="1492" mi="0" ci="1" mb="0" cb="0" /><line nr="1505" mi="1" ci="0" mb="0" cb="0" /><line nr="1506" mi="1" ci="0" mb="0" cb="0" /><line nr="1508" mi="1" ci="0" mb="0" cb="0" /><line nr="1525" mi="0" ci="2" mb="0" cb="0" /><line nr="1526" mi="0" ci="1" mb="0" cb="0" /><line nr="1527" mi="0" ci="1" mb="0" cb="0" /><line nr="1528" mi="0" ci="1" mb="0" cb="0" /><line nr="1529" mi="0" ci="1" mb="0" cb="0" /><line nr="1530" mi="0" ci="1" mb="0" cb="0" /><line nr="1532" mi="1" ci="0" mb="0" cb="0" /><line nr="1569" mi="1" ci="0" mb="0" cb="0" /><line nr="1570" mi="1" ci="0" mb="0" cb="0" /><line nr="1571" mi="2" ci="0" mb="0" cb="0" /><line nr="1572" mi="2" ci="0" mb="0" cb="0" /><line nr="1573" mi="4" ci="0" mb="0" cb="0" /><line nr="1574" mi="5" ci="0" mb="0" cb="0" /><line nr="1575" mi="1" ci="0" mb="0" cb="0" /><line nr="1576" mi="4" ci="0" mb="0" cb="0" /><line nr="1577" mi="1" ci="0" mb="0" cb="0" /><line nr="1578" mi="2" ci="0" mb="0" cb="0" /><line nr="1579" mi="2" ci="0" mb="0" cb="0" /><line nr="1580" mi="3" ci="0" mb="0" cb="0" /><line nr="1581" mi="2" ci="0" mb="0" cb="0" /><line nr="1582" mi="1" ci="0" mb="0" cb="0" /><line nr="1583" mi="5" ci="0" mb="0" cb="0" /><line nr="1585" mi="3" ci="0" mb="0" cb="0" /><line nr="1587" mi="1" ci="0" mb="0" cb="0" /><line nr="1588" mi="2" ci="0" mb="0" cb="0" /><line nr="1590" mi="1" ci="0" mb="0" cb="0" /><line nr="1592" mi="1" ci="0" mb="0" cb="0" /><line nr="1610" mi="2" ci="0" mb="0" cb="0" /><line nr="1611" mi="1" ci="0" mb="0" cb="0" /><line nr="1612" mi="1" ci="0" mb="0" cb="0" /><line nr="1613" mi="1" ci="0" mb="0" cb="0" /><line nr="1614" mi="1" ci="0" mb="0" cb="0" /><line nr="1616" mi="1" ci="0" mb="0" cb="0" /><line nr="1617" mi="1" ci="0" mb="0" cb="0" /><line nr="1618" mi="1" ci="0" mb="0" cb="0" /><line nr="1619" mi="1" ci="0" mb="0" cb="0" /><line nr="1620" mi="1" ci="0" mb="0" cb="0" /><line nr="1623" mi="2" ci="0" mb="0" cb="0" /><line nr="1636" mi="1" ci="0" mb="0" cb="0" /><line nr="1637" mi="2" ci="0" mb="0" cb="0" /><line nr="1639" mi="3" ci="0" mb="0" cb="0" /><line nr="1659" mi="0" ci="4" mb="0" cb="0" /><line nr="1685" mi="0" ci="1" mb="0" cb="0" /><line nr="1687" mi="0" ci="1" mb="0" cb="0" /><line nr="1688" mi="0" ci="1" mb="0" cb="0" /><line nr="1689" mi="0" ci="1" mb="0" cb="0" /><line nr="1690" mi="0" ci="1" mb="0" cb="0" /><line nr="1691" mi="0" ci="1" mb="0" cb="0" /><line nr="1693" mi="0" ci="2" mb="0" cb="0" /><line nr="1694" mi="0" ci="1" mb="0" cb="0" /><line nr="1695" mi="0" ci="5" mb="0" cb="0" /><line nr="1698" mi="0" ci="2" mb="0" cb="0" /><line nr="1699" mi="0" ci="2" mb="0" cb="0" /><line nr="1700" mi="0" ci="2" mb="0" cb="0" /><line nr="1701" mi="0" ci="2" mb="0" cb="0" /><line nr="1702" mi="0" ci="2" mb="0" cb="0" /><line nr="1703" mi="0" ci="1" mb="0" cb="0" /><line nr="1704" mi="0" ci="1" mb="0" cb="0" /><line nr="1705" mi="0" ci="3" mb="0" cb="0" /><line nr="1706" mi="0" ci="1" mb="0" cb="0" /><line nr="1707" mi="0" ci="1" mb="0" cb="0" /><line nr="1708" mi="0" ci="1" mb="0" cb="0" /><line nr="1709" mi="0" ci="3" mb="0" cb="0" /><line nr="1710" mi="0" ci="1" mb="0" cb="0" /><line nr="1711" mi="0" ci="1" mb="0" cb="0" /><line nr="1714" mi="0" ci="2" mb="0" cb="0" /><line nr="1715" mi="0" ci="1" mb="0" cb="0" /><line nr="1716" mi="0" ci="2" mb="0" cb="0" /><line nr="1717" mi="0" ci="1" mb="0" cb="0" /><line nr="1718" mi="0" ci="3" mb="0" cb="0" /><line nr="1719" mi="0" ci="1" mb="0" cb="0" /><line nr="1720" mi="0" ci="1" mb="0" cb="0" /><line nr="1721" mi="0" ci="2" mb="0" cb="0" /><line nr="1722" mi="0" ci="1" mb="0" cb="0" /><line nr="1723" mi="0" ci="3" mb="0" cb="0" /><line nr="1724" mi="0" ci="1" mb="0" cb="0" /><line nr="1725" mi="0" ci="1" mb="0" cb="0" /><line nr="1727" mi="0" ci="1" mb="0" cb="0" /><line nr="1730" mi="1" ci="0" mb="0" cb="0" /><line nr="1731" mi="1" ci="0" mb="0" cb="0" /><line nr="1734" mi="0" ci="1" mb="0" cb="0" /><line nr="1735" mi="0" ci="1" mb="0" cb="0" /><line nr="1746" mi="0" ci="1" mb="0" cb="0" /><line nr="1747" mi="0" ci="1" mb="0" cb="0" /><line nr="1749" mi="0" ci="1" mb="0" cb="0" /><line nr="1760" mi="1" ci="0" mb="0" cb="0" /><line nr="1761" mi="1" ci="0" mb="0" cb="0" /><line nr="1762" mi="1" ci="0" mb="0" cb="0" /><line nr="1763" mi="1" ci="0" mb="0" cb="0" /><line nr="1764" mi="2" ci="0" mb="0" cb="0" /><line nr="1765" mi="1" ci="0" mb="0" cb="0" /><line nr="1766" mi="1" ci="0" mb="0" cb="0" /><line nr="1767" mi="1" ci="0" mb="0" cb="0" /><line nr="1768" mi="1" ci="0" mb="0" cb="0" /><line nr="1770" mi="1" ci="0" mb="0" cb="0" /><line nr="1776" mi="0" ci="1" mb="0" cb="0" /><line nr="1777" mi="0" ci="2" mb="0" cb="0" /><line nr="1778" mi="1" ci="0" mb="0" cb="0" /><line nr="1779" mi="1" ci="0" mb="0" cb="0" /><line nr="1781" mi="0" ci="1" mb="0" cb="0" /><line nr="1825" mi="1" ci="0" mb="0" cb="0" /><line nr="1826" mi="1" ci="0" mb="0" cb="0" /><line nr="1828" mi="1" ci="0" mb="0" cb="0" /><line nr="1829" mi="1" ci="0" mb="0" cb="0" /><line nr="1830" mi="5" ci="0" mb="0" cb="0" /><line nr="1831" mi="1" ci="0" mb="0" cb="0" /><line nr="1832" mi="1" ci="0" mb="0" cb="0" /><line nr="1834" mi="1" ci="0" mb="0" cb="0" /><line nr="1837" mi="1" ci="0" mb="0" cb="0" /><line nr="1838" mi="4" ci="0" mb="0" cb="0" /><line nr="1839" mi="1" ci="0" mb="0" cb="0" /><line nr="1840" mi="1" ci="0" mb="0" cb="0" /><line nr="1841" mi="7" ci="0" mb="0" cb="0" /><line nr="1842" mi="2" ci="0" mb="0" cb="0" /><line nr="1843" mi="1" ci="0" mb="0" cb="0" /><line nr="1845" mi="1" ci="0" mb="0" cb="0" /><line nr="1846" mi="1" ci="0" mb="0" cb="0" /><line nr="1871" mi="2" ci="0" mb="0" cb="0" /><line nr="1872" mi="2" ci="0" mb="0" cb="0" /><line nr="1884" mi="0" ci="2" mb="0" cb="0" /><line nr="1945" mi="1" ci="0" mb="0" cb="0" /><line nr="1946" mi="4" ci="0" mb="0" cb="0" /><line nr="1948" mi="1" ci="0" mb="0" cb="0" /><line nr="1950" mi="1" ci="0" mb="0" cb="0" /><line nr="1951" mi="1" ci="0" mb="0" cb="0" /><line nr="1953" mi="1" ci="0" mb="0" cb="0" /><line nr="1954" mi="1" ci="0" mb="0" cb="0" /><line nr="1955" mi="1" ci="0" mb="0" cb="0" /><line nr="1956" mi="1" ci="0" mb="0" cb="0" /><line nr="1957" mi="1" ci="0" mb="0" cb="0" /><line nr="1958" mi="1" ci="0" mb="0" cb="0" /><line nr="1959" mi="1" ci="0" mb="0" cb="0" /><line nr="1960" mi="1" ci="0" mb="0" cb="0" /><line nr="1961" mi="1" ci="0" mb="0" cb="0" /><line nr="1963" mi="1" ci="0" mb="0" cb="0" /><line nr="1964" mi="1" ci="0" mb="0" cb="0" /><line nr="1965" mi="1" ci="0" mb="0" cb="0" /><line nr="1966" mi="1" ci="0" mb="0" cb="0" /><line nr="1967" mi="1" ci="0" mb="0" cb="0" /><line nr="1968" mi="1" ci="0" mb="0" cb="0" /><line nr="1969" mi="1" ci="0" mb="0" cb="0" /><line nr="1971" mi="2" ci="0" mb="0" cb="0" /><line nr="1972" mi="2" ci="0" mb="0" cb="0" /><line nr="1973" mi="2" ci="0" mb="0" cb="0" /><line nr="1974" mi="1" ci="0" mb="0" cb="0" /><line nr="1975" mi="1" ci="0" mb="0" cb="0" /><line nr="1976" mi="1" ci="0" mb="0" cb="0" /><line nr="1977" mi="1" ci="0" mb="0" cb="0" /><line nr="1978" mi="1" ci="0" mb="0" cb="0" /><line nr="1979" mi="1" ci="0" mb="0" cb="0" /><line nr="1980" mi="1" ci="0" mb="0" cb="0" /><line nr="1981" mi="1" ci="0" mb="0" cb="0" /><line nr="1982" mi="1" ci="0" mb="0" cb="0" /><line nr="1983" mi="1" ci="0" mb="0" cb="0" /><line nr="1984" mi="1" ci="0" mb="0" cb="0" /><line nr="1985" mi="1" ci="0" mb="0" cb="0" /><line nr="1986" mi="1" ci="0" mb="0" cb="0" /><line nr="1987" mi="1" ci="0" mb="0" cb="0" /><line nr="1989" mi="3" ci="0" mb="0" cb="0" /><line nr="1990" mi="1" ci="0" mb="0" cb="0" /><line nr="1991" mi="2" ci="0" mb="0" cb="0" /><line nr="1993" mi="2" ci="0" mb="0" cb="0" /><line nr="1995" mi="4" ci="0" mb="0" cb="0" /><line nr="2000" mi="0" ci="1" mb="0" cb="0" /><line nr="2001" mi="0" ci="1" mb="0" cb="0" /><line nr="2002" mi="0" ci="1" mb="0" cb="0" /><line nr="2004" mi="0" ci="1" mb="0" cb="0" /><line nr="2005" mi="0" ci="1" mb="0" cb="0" /><line nr="2006" mi="0" ci="1" mb="0" cb="0" /><line nr="2007" mi="0" ci="1" mb="0" cb="0" /><line nr="2008" mi="0" ci="1" mb="0" cb="0" /><line nr="2009" mi="0" ci="1" mb="0" cb="0" /><line nr="2010" mi="0" ci="1" mb="0" cb="0" /><counter type="INSTRUCTION" missed="640" covered="190" /><counter type="LINE" missed="491" covered="144" /><counter type="METHOD" missed="39" covered="19" /><counter type="CLASS" missed="0" covered="1" /></sourcefile><counter type="INSTRUCTION" missed="640" covered="190" /><counter type="LINE" missed="491" covered="144" /><counter type="METHOD" missed="39" covered="19" /><counter type="CLASS" missed="0" covered="1" /></package><counter type="INSTRUCTION" missed="640" covered="190" /><counter type="LINE" missed="491" covered="144" /><counter type="METHOD" missed="39" covered="19" /><counter type="CLASS" missed="0" covered="1" /></report>
